emails.json and emailsSent.json have been reset on server start
Subscriptions table is ready
Server running on http://localhost:3000
[API] POST /api/subscriptions {
  amount: 15.99,
  billingCycle: 'Monthly',
  name: 'Live Test Sub',
  id: 999999,
  date: '2024-01-01'
}
[DB] saved subscription: {
  id: 999999,
  name: 'Live Test Sub',
  amount: 15.99,
  date: '2024-01-01',
  subscriptionType: null,
  color: null,
  isTrial: false,
  billingCycle: 'Monthly',
  amountPerCycle: null,
  personalValue: null,
  created_at: 2026-05-13T23:33:35.050Z,
  updated_at: 2026-05-13T23:33:35.050Z
}
[API] POST /api/subscriptions -> 201 (58ms)
